INFO: [VRFC 10-2263] Analyzing Verilog file "D:/vivado/alu2023/alu2023.srcs/sources_1/new/alu.v" into library xil_defaultlib
INFO: [VRFC 10-311] analyzing module alu
WARNING: [VRFC 10-2096] empty statement in sequential block [D:/vivado/alu2023/alu2023.srcs/sources_1/new/alu.v:73]
INFO: [VRFC 10-311] analyzing module mux8to1
INFO: [VRFC 10-311] analyzing module mux4to1
INFO: [VRFC 10-311] analyzing module mux2to1
INFO: [VRFC 10-2458] undeclared symbol w17, assumed default net type wire [D:/vivado/alu2023/alu2023.srcs/sources_1/new/alu.v:112]
INFO: [VRFC 10-2458] undeclared symbol w15, assumed default net type wire [D:/vivado/alu2023/alu2023.srcs/sources_1/new/alu.v:113]
INFO: [VRFC 10-2458] undeclared symbol w18, assumed default net type wire [D:/vivado/alu2023/alu2023.srcs/sources_1/new/alu.v:114]
INFO: [VRFC 10-311] analyzing module adder32
INFO: [VRFC 10-311] analyzing module adder
INFO: [VRFC 10-311] analyzing module CLA
INFO: [VRFC 10-311] analyzing module adder_4
INFO: [VRFC 10-311] analyzing module CLA_16
INFO: [VRFC 10-311] analyzing module shiftbitleft
INFO: [VRFC 10-311] analyzing module shiftbitright
INFO: [VRFC 10-311] analyzing module mux32
INFO: [VRFC 10-2458] undeclared symbol w1, assumed default net type wire [D:/vivado/alu2023/alu2023.srcs/sources_1/new/alu.v:482]
INFO: [VRFC 10-2458] undeclared symbol w2, assumed default net type wire [D:/vivado/alu2023/alu2023.srcs/sources_1/new/alu.v:483]
INFO: [VRFC 10-311] analyzing module mux16to1
INFO: [VRFC 10-2458] undeclared symbol w1, assumed default net type wire [D:/vivado/alu2023/alu2023.srcs/sources_1/new/alu.v:492]
INFO: [VRFC 10-2458] undeclared symbol w2, assumed default net type wire [D:/vivado/alu2023/alu2023.srcs/sources_1/new/alu.v:493]
INFO: [VRFC 10-311] analyzing module right_truncation
INFO: [VRFC 10-2458] undeclared symbol w1, assumed default net type wire [D:/vivado/alu2023/alu2023.srcs/sources_1/new/alu.v:504]
INFO: [VRFC 10-2458] undeclared symbol w2, assumed default net type wire [D:/vivado/alu2023/alu2023.srcs/sources_1/new/alu.v:505]
INFO: [VRFC 10-2458] undeclared symbol w3, assumed default net type wire [D:/vivado/alu2023/alu2023.srcs/sources_1/new/alu.v:506]
INFO: [VRFC 10-2458] undeclared symbol w4, assumed default net type wire [D:/vivado/alu2023/alu2023.srcs/sources_1/new/alu.v:507]
INFO: [VRFC 10-2458] undeclared symbol w5, assumed default net type wire [D:/vivado/alu2023/alu2023.srcs/sources_1/new/alu.v:508]
INFO: [VRFC 10-2458] undeclared symbol w6, assumed default net type wire [D:/vivado/alu2023/alu2023.srcs/sources_1/new/alu.v:509]
INFO: [VRFC 10-2458] undeclared symbol w7, assumed default net type wire [D:/vivado/alu2023/alu2023.srcs/sources_1/new/alu.v:510]
INFO: [VRFC 10-2458] undeclared symbol w8, assumed default net type wire [D:/vivado/alu2023/alu2023.srcs/sources_1/new/alu.v:511]
INFO: [VRFC 10-2458] undeclared symbol w9, assumed default net type wire [D:/vivado/alu2023/alu2023.srcs/sources_1/new/alu.v:512]
INFO: [VRFC 10-2458] undeclared symbol w10, assumed default net type wire [D:/vivado/alu2023/alu2023.srcs/sources_1/new/alu.v:513]
INFO: [VRFC 10-2458] undeclared symbol w11, assumed default net type wire [D:/vivado/alu2023/alu2023.srcs/sources_1/new/alu.v:514]
INFO: [VRFC 10-2458] undeclared symbol w12, assumed default net type wire [D:/vivado/alu2023/alu2023.srcs/sources_1/new/alu.v:515]
INFO: [VRFC 10-2458] undeclared symbol w13, assumed default net type wire [D:/vivado/alu2023/alu2023.srcs/sources_1/new/alu.v:516]
INFO: [VRFC 10-2458] undeclared symbol w14, assumed default net type wire [D:/vivado/alu2023/alu2023.srcs/sources_1/new/alu.v:517]
INFO: [VRFC 10-2458] undeclared symbol w15, assumed default net type wire [D:/vivado/alu2023/alu2023.srcs/sources_1/new/alu.v:518]
INFO: [VRFC 10-2458] undeclared symbol w16, assumed default net type wire [D:/vivado/alu2023/alu2023.srcs/sources_1/new/alu.v:519]
INFO: [VRFC 10-2458] undeclared symbol w17, assumed default net type wire [D:/vivado/alu2023/alu2023.srcs/sources_1/new/alu.v:520]
INFO: [VRFC 10-2458] undeclared symbol w18, assumed default net type wire [D:/vivado/alu2023/alu2023.srcs/sources_1/new/alu.v:521]
INFO: [VRFC 10-2458] undeclared symbol w19, assumed default net type wire [D:/vivado/alu2023/alu2023.srcs/sources_1/new/alu.v:522]
INFO: [VRFC 10-2458] undeclared symbol w20, assumed default net type wire [D:/vivado/alu2023/alu2023.srcs/sources_1/new/alu.v:523]
INFO: [VRFC 10-2458] undeclared symbol w21, assumed default net type wire [D:/vivado/alu2023/alu2023.srcs/sources_1/new/alu.v:524]
INFO: [VRFC 10-2458] undeclared symbol w22, assumed default net type wire [D:/vivado/alu2023/alu2023.srcs/sources_1/new/alu.v:525]
INFO: [VRFC 10-2458] undeclared symbol w23, assumed default net type wire [D:/vivado/alu2023/alu2023.srcs/sources_1/new/alu.v:526]
INFO: [VRFC 10-2458] undeclared symbol w24, assumed default net type wire [D:/vivado/alu2023/alu2023.srcs/sources_1/new/alu.v:527]
INFO: [VRFC 10-2458] undeclared symbol w25, assumed default net type wire [D:/vivado/alu2023/alu2023.srcs/sources_1/new/alu.v:528]
INFO: [VRFC 10-2458] undeclared symbol w26, assumed default net type wire [D:/vivado/alu2023/alu2023.srcs/sources_1/new/alu.v:529]
INFO: [VRFC 10-2458] undeclared symbol w27, assumed default net type wire [D:/vivado/alu2023/alu2023.srcs/sources_1/new/alu.v:530]
INFO: [VRFC 10-2458] undeclared symbol w28, assumed default net type wire [D:/vivado/alu2023/alu2023.srcs/sources_1/new/alu.v:531]
INFO: [VRFC 10-2458] undeclared symbol w29, assumed default net type wire [D:/vivado/alu2023/alu2023.srcs/sources_1/new/alu.v:532]
INFO: [VRFC 10-2458] undeclared symbol w30, assumed default net type wire [D:/vivado/alu2023/alu2023.srcs/sources_1/new/alu.v:533]
INFO: [VRFC 10-2458] undeclared symbol w31, assumed default net type wire [D:/vivado/alu2023/alu2023.srcs/sources_1/new/alu.v:534]
INFO: [VRFC 10-2458] undeclared symbol w32, assumed default net type wire [D:/vivado/alu2023/alu2023.srcs/sources_1/new/alu.v:535]
INFO: [VRFC 10-311] analyzing module left_truncation
INFO: [VRFC 10-2458] undeclared symbol w1, assumed default net type wire [D:/vivado/alu2023/alu2023.srcs/sources_1/new/alu.v:547]
INFO: [VRFC 10-2458] undeclared symbol w2, assumed default net type wire [D:/vivado/alu2023/alu2023.srcs/sources_1/new/alu.v:548]
INFO: [VRFC 10-2458] undeclared symbol w3, assumed default net type wire [D:/vivado/alu2023/alu2023.srcs/sources_1/new/alu.v:549]
INFO: [VRFC 10-2458] undeclared symbol w4, assumed default net type wire [D:/vivado/alu2023/alu2023.srcs/sources_1/new/alu.v:550]
INFO: [VRFC 10-2458] undeclared symbol w5, assumed default net type wire [D:/vivado/alu2023/alu2023.srcs/sources_1/new/alu.v:551]
INFO: [VRFC 10-2458] undeclared symbol w6, assumed default net type wire [D:/vivado/alu2023/alu2023.srcs/sources_1/new/alu.v:552]
INFO: [VRFC 10-2458] undeclared symbol w7, assumed default net type wire [D:/vivado/alu2023/alu2023.srcs/sources_1/new/alu.v:553]
INFO: [VRFC 10-2458] undeclared symbol w8, assumed default net type wire [D:/vivado/alu2023/alu2023.srcs/sources_1/new/alu.v:554]
INFO: [VRFC 10-2458] undeclared symbol w9, assumed default net type wire [D:/vivado/alu2023/alu2023.srcs/sources_1/new/alu.v:555]
INFO: [VRFC 10-2458] undeclared symbol w10, assumed default net type wire [D:/vivado/alu2023/alu2023.srcs/sources_1/new/alu.v:556]
INFO: [VRFC 10-2458] undeclared symbol w11, assumed default net type wire [D:/vivado/alu2023/alu2023.srcs/sources_1/new/alu.v:557]
INFO: [VRFC 10-2458] undeclared symbol w12, assumed default net type wire [D:/vivado/alu2023/alu2023.srcs/sources_1/new/alu.v:558]
INFO: [VRFC 10-2458] undeclared symbol w13, assumed default net type wire [D:/vivado/alu2023/alu2023.srcs/sources_1/new/alu.v:559]
INFO: [VRFC 10-2458] undeclared symbol w14, assumed default net type wire [D:/vivado/alu2023/alu2023.srcs/sources_1/new/alu.v:560]
INFO: [VRFC 10-2458] undeclared symbol w15, assumed default net type wire [D:/vivado/alu2023/alu2023.srcs/sources_1/new/alu.v:561]
INFO: [VRFC 10-2458] undeclared symbol w16, assumed default net type wire [D:/vivado/alu2023/alu2023.srcs/sources_1/new/alu.v:562]
INFO: [VRFC 10-2458] undeclared symbol w17, assumed default net type wire [D:/vivado/alu2023/alu2023.srcs/sources_1/new/alu.v:563]
INFO: [VRFC 10-2458] undeclared symbol w18, assumed default net type wire [D:/vivado/alu2023/alu2023.srcs/sources_1/new/alu.v:564]
INFO: [VRFC 10-2458] undeclared symbol w19, assumed default net type wire [D:/vivado/alu2023/alu2023.srcs/sources_1/new/alu.v:565]
INFO: [VRFC 10-2458] undeclared symbol w20, assumed default net type wire [D:/vivado/alu2023/alu2023.srcs/sources_1/new/alu.v:566]
INFO: [VRFC 10-2458] undeclared symbol w21, assumed default net type wire [D:/vivado/alu2023/alu2023.srcs/sources_1/new/alu.v:567]
INFO: [VRFC 10-2458] undeclared symbol w22, assumed default net type wire [D:/vivado/alu2023/alu2023.srcs/sources_1/new/alu.v:568]
INFO: [VRFC 10-2458] undeclared symbol w23, assumed default net type wire [D:/vivado/alu2023/alu2023.srcs/sources_1/new/alu.v:569]
INFO: [VRFC 10-2458] undeclared symbol w24, assumed default net type wire [D:/vivado/alu2023/alu2023.srcs/sources_1/new/alu.v:570]
INFO: [VRFC 10-2458] undeclared symbol w25, assumed default net type wire [D:/vivado/alu2023/alu2023.srcs/sources_1/new/alu.v:571]
INFO: [VRFC 10-2458] undeclared symbol w26, assumed default net type wire [D:/vivado/alu2023/alu2023.srcs/sources_1/new/alu.v:572]
INFO: [VRFC 10-2458] undeclared symbol w27, assumed default net type wire [D:/vivado/alu2023/alu2023.srcs/sources_1/new/alu.v:573]
INFO: [VRFC 10-2458] undeclared symbol w28, assumed default net type wire [D:/vivado/alu2023/alu2023.srcs/sources_1/new/alu.v:574]
INFO: [VRFC 10-2458] undeclared symbol w29, assumed default net type wire [D:/vivado/alu2023/alu2023.srcs/sources_1/new/alu.v:575]
INFO: [VRFC 10-2458] undeclared symbol w30, assumed default net type wire [D:/vivado/alu2023/alu2023.srcs/sources_1/new/alu.v:576]
INFO: [VRFC 10-2458] undeclared symbol w31, assumed default net type wire [D:/vivado/alu2023/alu2023.srcs/sources_1/new/alu.v:577]
INFO: [VRFC 10-2458] undeclared symbol w32, assumed default net type wire [D:/vivado/alu2023/alu2023.srcs/sources_1/new/alu.v:578]
INFO: [VRFC 10-311] analyzing module bitwiseand
INFO: [VRFC 10-311] analyzing module bitwiseor
INFO: [VRFC 10-311] analyzing module no
INFO: [VRFC 10-311] analyzing module xor32
INFO: [VRFC 10-311] analyzing module right_shift_arithmetic
INFO: [VRFC 10-311] analyzing module comparator32
INFO: [VRFC 10-311] analyzing module comparator32_unsigned
INFO: [VRFC 10-2263] Analyzing Verilog file "D:/vivado/alu2023/alu2023.srcs/sim_1/new/tb_alu.v" into library xil_defaultlib
INFO: [VRFC 10-311] analyzing module tb_alu
